<?xml version="1.0" encoding="UTF-8"?>
<!-- Generated by org.testng.reporters.JUnitReportReporter -->
<testsuite hostname="DESKTOP-UOBU6AE" failures="0" tests="1" name="testCases.OrangeHrmTest" time="1.745" errors="0" timestamp="2024-04-25T16:30:23 IST" skipped="0">
  <testcase classname="testCases.OrangeHrmTest" name="TestLogin" time="1.745"/>
</testsuite> <!-- testCases.OrangeHrmTest -->
